-- The C compiler identification is GNU 9.4.0
-- The CXX compiler identification is GNU 9.4.0
-- Detecting C compiler ABI info
-- Detecting C compiler ABI info - done
-- Check for working C compiler: /usr/lib/ccache/cc - skipped
-- Detecting C compile features
-- Detecting C compile features - done
-- Detecting CXX compiler ABI info
-- Detecting CXX compiler ABI info - done
-- Check for working CXX compiler: /usr/lib/ccache/c++ - skipped
-- Detecting CXX compile features
-- Detecting CXX compile features - done
-- Using CATKIN_DEVEL_PREFIX: /home/farhan/matlab_ws/shared/devel
-- Using CMAKE_PREFIX_PATH: /usr/local/MATLAB/R2023b/sys/ros1/glnxa64/ros1;/usr/local/MATLAB/R2023b/toolbox/ros/mlroscpp/custom_messages
-- This workspace overlays: /usr/local/MATLAB/R2023b/sys/ros1/glnxa64/ros1;/usr/local/MATLAB/R2023b/toolbox/ros/mlroscpp/custom_messages
-- Found PythonInterp: /home/farhan/.matlab/R2023b/ros1/glnxa64/venv/bin/python3 (found suitable version "3.8.10", minimum required is "3") 
-- Using PYTHON_EXECUTABLE: /home/farhan/.matlab/R2023b/ros1/glnxa64/venv/bin/python3
-- Using Debian Python package layout
-- Found PY_em: /home/farhan/.matlab/R2023b/ros1/glnxa64/venv/lib/python3.8/site-packages/em.py  
-- Using empy: /home/farhan/.matlab/R2023b/ros1/glnxa64/venv/lib/python3.8/site-packages/em.py
-- Using CATKIN_ENABLE_TESTING: ON
-- Call enable_testing()
-- Using CATKIN_TEST_RESULTS_DIR: /home/farhan/matlab_ws/shared/build/test_results
-- Forcing gtest/gmock from source, though one was otherwise available.
-- Found gtest sources under '/usr/src/googletest': gtests will be built
-- Found gmock sources under '/usr/src/googletest': gmock will be built
CMake Deprecation Warning at /usr/src/googletest/CMakeLists.txt:4 (cmake_minimum_required):
  Compatibility with CMake < 2.8.12 will be removed from a future version of
  CMake.

  Update the VERSION argument <min> value or use a ...<max> suffix to tell
  CMake that the project does not need compatibility with older versions.


CMake Deprecation Warning at /usr/src/googletest/googlemock/CMakeLists.txt:45 (cmake_minimum_required):
  Compatibility with CMake < 2.8.12 will be removed from a future version of
  CMake.

  Update the VERSION argument <min> value or use a ...<max> suffix to tell
  CMake that the project does not need compatibility with older versions.


CMake Deprecation Warning at /usr/src/googletest/googletest/CMakeLists.txt:56 (cmake_minimum_required):
  Compatibility with CMake < 2.8.12 will be removed from a future version of
  CMake.

  Update the VERSION argument <min> value or use a ...<max> suffix to tell
  CMake that the project does not need compatibility with older versions.


-- Found PythonInterp: /home/farhan/.matlab/R2023b/ros1/glnxa64/venv/bin/python3 (found version "3.8.10") 
-- Found Threads: TRUE  
-- Using Python nosetests: /usr/bin/nosetests3
-- catkin 0.8.10
-- BUILD_SHARED_LIBS is on
-- BUILD_SHARED_LIBS is on
-- ~~~~~~~~~~~~~~~~~~~~~~~~~~~~~~~~~~~~~~~~~~~~~~~~~
-- ~~  traversing 1 packages in topological order:
-- ~~  - rough
-- ~~~~~~~~~~~~~~~~~~~~~~~~~~~~~~~~~~~~~~~~~~~~~~~~~
-- +++ processing catkin package: 'rough'
-- ==> add_subdirectory(rough)
CMake Warning at /usr/local/MATLAB/R2023b/sys/ros1/glnxa64/ros1/share/genmsg/cmake/genmsg-extras.cmake:49 (message):
  Unknown message generator specified in ROS_LANG_DISABLE: geneus
Call Stack (most recent call first):
  /usr/local/MATLAB/R2023b/sys/ros1/glnxa64/ros1/share/genmsg/cmake/genmsgConfig.cmake:222 (include)
  /usr/local/MATLAB/R2023b/sys/ros1/glnxa64/ros1/share/actionlib_msgs/cmake/actionlib_msgs-extras.cmake:2 (find_package)
  /usr/local/MATLAB/R2023b/sys/ros1/glnxa64/ros1/share/actionlib_msgs/cmake/actionlib_msgsConfig.cmake:222 (include)
  /usr/local/MATLAB/R2023b/sys/ros1/glnxa64/ros1/share/actionlib/cmake/actionlibConfig.cmake:197 (find_package)
  /usr/local/MATLAB/R2023b/toolbox/ros/mlroscpp/custom_messages/share/uuid_msgs/cmake/uuid_msgsConfig.cmake:174 (find_package)
  /usr/local/MATLAB/R2023b/toolbox/ros/mlroscpp/custom_messages/share/geographic_msgs/cmake/geographic_msgsConfig.cmake:197 (find_package)
  /usr/local/MATLAB/R2023b/toolbox/ros/mlroscpp/custom_messages/share/mavros_msgs/cmake/mavros_msgsConfig.cmake:174 (find_package)
  /usr/local/MATLAB/R2023b/sys/ros1/glnxa64/ros1/share/catkin/cmake/catkinConfig.cmake:76 (find_package)
  rough/CMakeLists.txt:20 (find_package)


CMake Warning at /usr/local/MATLAB/R2023b/sys/ros1/glnxa64/ros1/share/genmsg/cmake/genmsg-extras.cmake:49 (message):
  Unknown message generator specified in ROS_LANG_DISABLE: genlisp
Call Stack (most recent call first):
  /usr/local/MATLAB/R2023b/sys/ros1/glnxa64/ros1/share/genmsg/cmake/genmsgConfig.cmake:222 (include)
  /usr/local/MATLAB/R2023b/sys/ros1/glnxa64/ros1/share/actionlib_msgs/cmake/actionlib_msgs-extras.cmake:2 (find_package)
  /usr/local/MATLAB/R2023b/sys/ros1/glnxa64/ros1/share/actionlib_msgs/cmake/actionlib_msgsConfig.cmake:222 (include)
  /usr/local/MATLAB/R2023b/sys/ros1/glnxa64/ros1/share/actionlib/cmake/actionlibConfig.cmake:197 (find_package)
  /usr/local/MATLAB/R2023b/toolbox/ros/mlroscpp/custom_messages/share/uuid_msgs/cmake/uuid_msgsConfig.cmake:174 (find_package)
  /usr/local/MATLAB/R2023b/toolbox/ros/mlroscpp/custom_messages/share/geographic_msgs/cmake/geographic_msgsConfig.cmake:197 (find_package)
  /usr/local/MATLAB/R2023b/toolbox/ros/mlroscpp/custom_messages/share/mavros_msgs/cmake/mavros_msgsConfig.cmake:174 (find_package)
  /usr/local/MATLAB/R2023b/sys/ros1/glnxa64/ros1/share/catkin/cmake/catkinConfig.cmake:76 (find_package)
  rough/CMakeLists.txt:20 (find_package)


CMake Warning at /usr/local/MATLAB/R2023b/sys/ros1/glnxa64/ros1/share/genmsg/cmake/genmsg-extras.cmake:49 (message):
  Unknown message generator specified in ROS_LANG_DISABLE: gennodejs
Call Stack (most recent call first):
  /usr/local/MATLAB/R2023b/sys/ros1/glnxa64/ros1/share/genmsg/cmake/genmsgConfig.cmake:222 (include)
  /usr/local/MATLAB/R2023b/sys/ros1/glnxa64/ros1/share/actionlib_msgs/cmake/actionlib_msgs-extras.cmake:2 (find_package)
  /usr/local/MATLAB/R2023b/sys/ros1/glnxa64/ros1/share/actionlib_msgs/cmake/actionlib_msgsConfig.cmake:222 (include)
  /usr/local/MATLAB/R2023b/sys/ros1/glnxa64/ros1/share/actionlib/cmake/actionlibConfig.cmake:197 (find_package)
  /usr/local/MATLAB/R2023b/toolbox/ros/mlroscpp/custom_messages/share/uuid_msgs/cmake/uuid_msgsConfig.cmake:174 (find_package)
  /usr/local/MATLAB/R2023b/toolbox/ros/mlroscpp/custom_messages/share/geographic_msgs/cmake/geographic_msgsConfig.cmake:197 (find_package)
  /usr/local/MATLAB/R2023b/toolbox/ros/mlroscpp/custom_messages/share/mavros_msgs/cmake/mavros_msgsConfig.cmake:174 (find_package)
  /usr/local/MATLAB/R2023b/sys/ros1/glnxa64/ros1/share/catkin/cmake/catkinConfig.cmake:76 (find_package)
  rough/CMakeLists.txt:20 (find_package)


-- Using these message generators: gencpp;genpy
-- Configuring done
-- Generating done
CMake Warning:
  Manually-specified variables were not used by the project:

    Boost_NAMESPACE


-- Build files have been written to: /home/farhan/matlab_ws/shared/build
[1/14] Building CXX object rough/CMakeFiles/rough.dir/src/rtGetNaN.cpp.o
[2/14] Building CXX object rough/CMakeFiles/rough.dir/src/rtGetInf.cpp.o
[3/14] Building CXX object rough/CMakeFiles/rough.dir/src/rt_nonfinite.cpp.o
[4/14] Building C object rough/CMakeFiles/rough.dir/src/rtiostream_interface.c.o
FAILED: rough/CMakeFiles/rough.dir/src/rtiostream_interface.c.o 
/usr/lib/ccache/cc -DROS_BUILD_SHARED_LIBS=1 -DROS_PACKAGE_NAME=\"rough\" -Dclass_loader=ros1_class_loader -I/home/farhan/matlab_ws/shared/src/rough/include -I/home/farhan/matlab_ws/shared/src/rough -I/usr/local/MATLAB/R2023b/sys/ros1/glnxa64/ros1/include -I/usr/local/MATLAB/R2023b/sys/ros1/glnxa64/ros1/boost/include -I/usr/local/MATLAB/R2023b/sys/ros1/glnxa64/ros1/console_bridge/include -I/usr/local/MATLAB/R2023b/sys/ros1/glnxa64/ros1/share/xmlrpcpp/cmake/../../../include/xmlrpcpp -I/usr/local/MATLAB/R2023b/toolbox/ros/mlroscpp/custom_messages/include -I/home/farhan/matlab_ws/shared/src/rough/include/rough -O3 -DNDEBUG -DMODEL=rough -DNUMST=3 -DNCSTATES=4 -DHAVESTDIO -DMODEL_HAS_DYNAMICALLY_LOADED_SFCNS=0 -DCLASSIC_INTERFACE=0 -DALLOCATIONFCN=0 -DTID01EQ=1 -DTERMFCN=1 -DONESTEPFCN=1 -DMAT_FILE=0 -DMULTI_INSTANCE_CODE=0 -DINTEGER_CODE=0 -DMT=0 -DROS_PROJECT -DMW_SCHED_OTHER -DSTACK_SIZE=64 -D__MW_TARGET_USE_HARDWARE_RESOURCES_H__ -DRT=RT -fpermissive -std=gnu99 -MD -MT rough/CMakeFiles/rough.dir/src/rtiostream_interface.c.o -MF rough/CMakeFiles/rough.dir/src/rtiostream_interface.c.o.d -o rough/CMakeFiles/rough.dir/src/rtiostream_interface.c.o -c /home/farhan/matlab_ws/shared/src/rough/src/rtiostream_interface.c
cc1: warning: command line option ‘-fpermissive’ is valid for C++/ObjC++ but not for C
/home/farhan/matlab_ws/shared/src/rough/src/rtiostream_interface.c:26:10: fatal error: rtiostream.h: No such file or directory
   26 | #include "rtiostream.h"
      |          ^~~~~~~~~~~~~~
compilation terminated.
[5/14] Building C object rough/CMakeFiles/rough.dir/src/rtiostream_tcpip.c.o
FAILED: rough/CMakeFiles/rough.dir/src/rtiostream_tcpip.c.o 
/usr/lib/ccache/cc -DROS_BUILD_SHARED_LIBS=1 -DROS_PACKAGE_NAME=\"rough\" -Dclass_loader=ros1_class_loader -I/home/farhan/matlab_ws/shared/src/rough/include -I/home/farhan/matlab_ws/shared/src/rough -I/usr/local/MATLAB/R2023b/sys/ros1/glnxa64/ros1/include -I/usr/local/MATLAB/R2023b/sys/ros1/glnxa64/ros1/boost/include -I/usr/local/MATLAB/R2023b/sys/ros1/glnxa64/ros1/console_bridge/include -I/usr/local/MATLAB/R2023b/sys/ros1/glnxa64/ros1/share/xmlrpcpp/cmake/../../../include/xmlrpcpp -I/usr/local/MATLAB/R2023b/toolbox/ros/mlroscpp/custom_messages/include -I/home/farhan/matlab_ws/shared/src/rough/include/rough -O3 -DNDEBUG -DMODEL=rough -DNUMST=3 -DNCSTATES=4 -DHAVESTDIO -DMODEL_HAS_DYNAMICALLY_LOADED_SFCNS=0 -DCLASSIC_INTERFACE=0 -DALLOCATIONFCN=0 -DTID01EQ=1 -DTERMFCN=1 -DONESTEPFCN=1 -DMAT_FILE=0 -DMULTI_INSTANCE_CODE=0 -DINTEGER_CODE=0 -DMT=0 -DROS_PROJECT -DMW_SCHED_OTHER -DSTACK_SIZE=64 -D__MW_TARGET_USE_HARDWARE_RESOURCES_H__ -DRT=RT -fpermissive -std=gnu99 -MD -MT rough/CMakeFiles/rough.dir/src/rtiostream_tcpip.c.o -MF rough/CMakeFiles/rough.dir/src/rtiostream_tcpip.c.o.d -o rough/CMakeFiles/rough.dir/src/rtiostream_tcpip.c.o -c /home/farhan/matlab_ws/shared/src/rough/src/rtiostream_tcpip.c
cc1: warning: command line option ‘-fpermissive’ is valid for C++/ObjC++ but not for C
/home/farhan/matlab_ws/shared/src/rough/src/rtiostream_tcpip.c:38:10: fatal error: rtiostream.h: No such file or directory
   38 | #include "rtiostream.h"
      |          ^~~~~~~~~~~~~~
compilation terminated.
[6/14] Building CXX object rough/CMakeFiles/rough.dir/src/slros_busmsg_conversion.cpp.o
In file included from /usr/local/MATLAB/R2023b/sys/ros1/glnxa64/ros1/boost/include/boost/smart_ptr/detail/sp_thread_sleep.hpp:22,
                 from /usr/local/MATLAB/R2023b/sys/ros1/glnxa64/ros1/boost/include/boost/smart_ptr/detail/yield_k.hpp:23,
                 from /usr/local/MATLAB/R2023b/sys/ros1/glnxa64/ros1/boost/include/boost/smart_ptr/detail/spinlock_gcc_atomic.hpp:14,
                 from /usr/local/MATLAB/R2023b/sys/ros1/glnxa64/ros1/boost/include/boost/smart_ptr/detail/spinlock.hpp:42,
                 from /usr/local/MATLAB/R2023b/sys/ros1/glnxa64/ros1/boost/include/boost/smart_ptr/detail/spinlock_pool.hpp:25,
                 from /usr/local/MATLAB/R2023b/sys/ros1/glnxa64/ros1/boost/include/boost/smart_ptr/shared_ptr.hpp:65,
                 from /usr/local/MATLAB/R2023b/sys/ros1/glnxa64/ros1/boost/include/boost/shared_ptr.hpp:53,
                 from /usr/local/MATLAB/R2023b/sys/ros1/glnxa64/ros1/include/ros/forwards.h:37,
                 from /usr/local/MATLAB/R2023b/sys/ros1/glnxa64/ros1/include/ros/common.h:37,
                 from /usr/local/MATLAB/R2023b/sys/ros1/glnxa64/ros1/include/ros/ros.h:43,
                 from /home/farhan/matlab_ws/shared/src/rough/include/rough/slros_busmsg_conversion.h:4,
                 from /home/farhan/matlab_ws/shared/src/rough/src/slros_busmsg_conversion.cpp:1:
/usr/local/MATLAB/R2023b/sys/ros1/glnxa64/ros1/boost/include/boost/bind.hpp:72:1: note: #pragma message: The practice of declaring the Bind placeholders (_1, _2, ...) in the global namespace is deprecated. Please use <boost/bind/bind.hpp> + using namespace mwboost::placeholders, or define BOOST_BIND_GLOBAL_PLACEHOLDERS to retain the current behavior.
   72 | BOOST_PRAGMA_MESSAGE(
      | ^~~~~~~~~~~~~~~~~~~~
[7/14] Building CXX object rough/CMakeFiles/rough.dir/src/slros_initialize.cpp.o
In file included from /usr/local/MATLAB/R2023b/sys/ros1/glnxa64/ros1/boost/include/boost/smart_ptr/detail/sp_thread_sleep.hpp:22,
                 from /usr/local/MATLAB/R2023b/sys/ros1/glnxa64/ros1/boost/include/boost/smart_ptr/detail/yield_k.hpp:23,
                 from /usr/local/MATLAB/R2023b/sys/ros1/glnxa64/ros1/boost/include/boost/smart_ptr/detail/spinlock_gcc_atomic.hpp:14,
                 from /usr/local/MATLAB/R2023b/sys/ros1/glnxa64/ros1/boost/include/boost/smart_ptr/detail/spinlock.hpp:42,
                 from /usr/local/MATLAB/R2023b/sys/ros1/glnxa64/ros1/boost/include/boost/smart_ptr/detail/spinlock_pool.hpp:25,
                 from /usr/local/MATLAB/R2023b/sys/ros1/glnxa64/ros1/boost/include/boost/smart_ptr/shared_ptr.hpp:65,
                 from /usr/local/MATLAB/R2023b/sys/ros1/glnxa64/ros1/boost/include/boost/shared_ptr.hpp:53,
                 from /usr/local/MATLAB/R2023b/sys/ros1/glnxa64/ros1/include/ros/forwards.h:37,
                 from /usr/local/MATLAB/R2023b/sys/ros1/glnxa64/ros1/include/ros/common.h:37,
                 from /usr/local/MATLAB/R2023b/sys/ros1/glnxa64/ros1/include/ros/ros.h:43,
                 from /home/farhan/matlab_ws/shared/src/rough/include/rough/slros_busmsg_conversion.h:4,
                 from /home/farhan/matlab_ws/shared/src/rough/include/rough/slros_initialize.h:4,
                 from /home/farhan/matlab_ws/shared/src/rough/src/slros_initialize.cpp:1:
/usr/local/MATLAB/R2023b/sys/ros1/glnxa64/ros1/boost/include/boost/bind.hpp:72:1: note: #pragma message: The practice of declaring the Bind placeholders (_1, _2, ...) in the global namespace is deprecated. Please use <boost/bind/bind.hpp> + using namespace mwboost::placeholders, or define BOOST_BIND_GLOBAL_PLACEHOLDERS to retain the current behavior.
   72 | BOOST_PRAGMA_MESSAGE(
      | ^~~~~~~~~~~~~~~~~~~~
[8/14] Building CXX object rough/CMakeFiles/rough.dir/src/rough_data.cpp.o
In file included from /usr/local/MATLAB/R2023b/sys/ros1/glnxa64/ros1/boost/include/boost/smart_ptr/detail/sp_thread_sleep.hpp:22,
                 from /usr/local/MATLAB/R2023b/sys/ros1/glnxa64/ros1/boost/include/boost/smart_ptr/detail/yield_k.hpp:23,
                 from /usr/local/MATLAB/R2023b/sys/ros1/glnxa64/ros1/boost/include/boost/smart_ptr/detail/spinlock_gcc_atomic.hpp:14,
                 from /usr/local/MATLAB/R2023b/sys/ros1/glnxa64/ros1/boost/include/boost/smart_ptr/detail/spinlock.hpp:42,
                 from /usr/local/MATLAB/R2023b/sys/ros1/glnxa64/ros1/boost/include/boost/smart_ptr/detail/spinlock_pool.hpp:25,
                 from /usr/local/MATLAB/R2023b/sys/ros1/glnxa64/ros1/boost/include/boost/smart_ptr/shared_ptr.hpp:65,
                 from /usr/local/MATLAB/R2023b/sys/ros1/glnxa64/ros1/boost/include/boost/shared_ptr.hpp:53,
                 from /usr/local/MATLAB/R2023b/sys/ros1/glnxa64/ros1/include/ros/forwards.h:37,
                 from /usr/local/MATLAB/R2023b/sys/ros1/glnxa64/ros1/include/ros/common.h:37,
                 from /usr/local/MATLAB/R2023b/sys/ros1/glnxa64/ros1/include/ros/ros.h:43,
                 from /home/farhan/matlab_ws/shared/src/rough/include/rough/slros_busmsg_conversion.h:4,
                 from /home/farhan/matlab_ws/shared/src/rough/include/rough/slros_initialize.h:4,
                 from /home/farhan/matlab_ws/shared/src/rough/include/rough/rough.h:24,
                 from /home/farhan/matlab_ws/shared/src/rough/src/rough_data.cpp:19:
/usr/local/MATLAB/R2023b/sys/ros1/glnxa64/ros1/boost/include/boost/bind.hpp:72:1: note: #pragma message: The practice of declaring the Bind placeholders (_1, _2, ...) in the global namespace is deprecated. Please use <boost/bind/bind.hpp> + using namespace mwboost::placeholders, or define BOOST_BIND_GLOBAL_PLACEHOLDERS to retain the current behavior.
   72 | BOOST_PRAGMA_MESSAGE(
      | ^~~~~~~~~~~~~~~~~~~~
[9/14] Building CXX object rough/CMakeFiles/rough.dir/src/main.cpp.o
In file included from /usr/local/MATLAB/R2023b/sys/ros1/glnxa64/ros1/boost/include/boost/smart_ptr/detail/sp_thread_sleep.hpp:22,
                 from /usr/local/MATLAB/R2023b/sys/ros1/glnxa64/ros1/boost/include/boost/smart_ptr/detail/yield_k.hpp:23,
                 from /usr/local/MATLAB/R2023b/sys/ros1/glnxa64/ros1/boost/include/boost/smart_ptr/detail/spinlock_gcc_atomic.hpp:14,
                 from /usr/local/MATLAB/R2023b/sys/ros1/glnxa64/ros1/boost/include/boost/smart_ptr/detail/spinlock.hpp:42,
                 from /usr/local/MATLAB/R2023b/sys/ros1/glnxa64/ros1/boost/include/boost/smart_ptr/detail/spinlock_pool.hpp:25,
                 from /usr/local/MATLAB/R2023b/sys/ros1/glnxa64/ros1/boost/include/boost/smart_ptr/shared_ptr.hpp:65,
                 from /usr/local/MATLAB/R2023b/sys/ros1/glnxa64/ros1/boost/include/boost/shared_ptr.hpp:53,
                 from /usr/local/MATLAB/R2023b/sys/ros1/glnxa64/ros1/include/ros/forwards.h:37,
                 from /usr/local/MATLAB/R2023b/sys/ros1/glnxa64/ros1/include/ros/common.h:37,
                 from /usr/local/MATLAB/R2023b/sys/ros1/glnxa64/ros1/include/ros/ros.h:43,
                 from /home/farhan/matlab_ws/shared/src/rough/include/rough/slros_busmsg_conversion.h:4,
                 from /home/farhan/matlab_ws/shared/src/rough/include/rough/slros_initialize.h:4,
                 from /home/farhan/matlab_ws/shared/src/rough/include/rough/rough.h:24,
                 from /home/farhan/matlab_ws/shared/src/rough/include/rough/rosnodeinterface.h:33,
                 from /home/farhan/matlab_ws/shared/src/rough/src/main.cpp:12:
/usr/local/MATLAB/R2023b/sys/ros1/glnxa64/ros1/boost/include/boost/bind.hpp:72:1: note: #pragma message: The practice of declaring the Bind placeholders (_1, _2, ...) in the global namespace is deprecated. Please use <boost/bind/bind.hpp> + using namespace mwboost::placeholders, or define BOOST_BIND_GLOBAL_PLACEHOLDERS to retain the current behavior.
   72 | BOOST_PRAGMA_MESSAGE(
      | ^~~~~~~~~~~~~~~~~~~~
[10/14] Building CXX object rough/CMakeFiles/rough.dir/src/rosnodeinterface.cpp.o
In file included from /usr/local/MATLAB/R2023b/sys/ros1/glnxa64/ros1/boost/include/boost/smart_ptr/detail/sp_thread_sleep.hpp:22,
                 from /usr/local/MATLAB/R2023b/sys/ros1/glnxa64/ros1/boost/include/boost/smart_ptr/detail/yield_k.hpp:23,
                 from /usr/local/MATLAB/R2023b/sys/ros1/glnxa64/ros1/boost/include/boost/smart_ptr/detail/spinlock_gcc_atomic.hpp:14,
                 from /usr/local/MATLAB/R2023b/sys/ros1/glnxa64/ros1/boost/include/boost/smart_ptr/detail/spinlock.hpp:42,
                 from /usr/local/MATLAB/R2023b/sys/ros1/glnxa64/ros1/boost/include/boost/smart_ptr/detail/spinlock_pool.hpp:25,
                 from /usr/local/MATLAB/R2023b/sys/ros1/glnxa64/ros1/boost/include/boost/smart_ptr/shared_ptr.hpp:65,
                 from /usr/local/MATLAB/R2023b/sys/ros1/glnxa64/ros1/boost/include/boost/shared_ptr.hpp:53,
                 from /usr/local/MATLAB/R2023b/sys/ros1/glnxa64/ros1/include/ros/forwards.h:37,
                 from /usr/local/MATLAB/R2023b/sys/ros1/glnxa64/ros1/include/ros/common.h:37,
                 from /usr/local/MATLAB/R2023b/sys/ros1/glnxa64/ros1/include/ros/ros.h:43,
                 from /home/farhan/matlab_ws/shared/src/rough/include/rough/slros_busmsg_conversion.h:4,
                 from /home/farhan/matlab_ws/shared/src/rough/include/rough/slros_initialize.h:4,
                 from /home/farhan/matlab_ws/shared/src/rough/include/rough/rough.h:24,
                 from /home/farhan/matlab_ws/shared/src/rough/src/rosnodeinterface.cpp:33:
/usr/local/MATLAB/R2023b/sys/ros1/glnxa64/ros1/boost/include/boost/bind.hpp:72:1: note: #pragma message: The practice of declaring the Bind placeholders (_1, _2, ...) in the global namespace is deprecated. Please use <boost/bind/bind.hpp> + using namespace mwboost::placeholders, or define BOOST_BIND_GLOBAL_PLACEHOLDERS to retain the current behavior.
   72 | BOOST_PRAGMA_MESSAGE(
      | ^~~~~~~~~~~~~~~~~~~~
[11/14] Building CXX object rough/CMakeFiles/rough.dir/src/rough.cpp.o
In file included from /usr/local/MATLAB/R2023b/sys/ros1/glnxa64/ros1/boost/include/boost/smart_ptr/detail/sp_thread_sleep.hpp:22,
                 from /usr/local/MATLAB/R2023b/sys/ros1/glnxa64/ros1/boost/include/boost/smart_ptr/detail/yield_k.hpp:23,
                 from /usr/local/MATLAB/R2023b/sys/ros1/glnxa64/ros1/boost/include/boost/smart_ptr/detail/spinlock_gcc_atomic.hpp:14,
                 from /usr/local/MATLAB/R2023b/sys/ros1/glnxa64/ros1/boost/include/boost/smart_ptr/detail/spinlock.hpp:42,
                 from /usr/local/MATLAB/R2023b/sys/ros1/glnxa64/ros1/boost/include/boost/smart_ptr/detail/spinlock_pool.hpp:25,
                 from /usr/local/MATLAB/R2023b/sys/ros1/glnxa64/ros1/boost/include/boost/smart_ptr/shared_ptr.hpp:65,
                 from /usr/local/MATLAB/R2023b/sys/ros1/glnxa64/ros1/boost/include/boost/shared_ptr.hpp:53,
                 from /usr/local/MATLAB/R2023b/sys/ros1/glnxa64/ros1/include/ros/forwards.h:37,
                 from /usr/local/MATLAB/R2023b/sys/ros1/glnxa64/ros1/include/ros/common.h:37,
                 from /usr/local/MATLAB/R2023b/sys/ros1/glnxa64/ros1/include/ros/ros.h:43,
                 from /home/farhan/matlab_ws/shared/src/rough/include/rough/slros_busmsg_conversion.h:4,
                 from /home/farhan/matlab_ws/shared/src/rough/include/rough/slros_initialize.h:4,
                 from /home/farhan/matlab_ws/shared/src/rough/include/rough/rough.h:24,
                 from /home/farhan/matlab_ws/shared/src/rough/src/rough.cpp:19:
/usr/local/MATLAB/R2023b/sys/ros1/glnxa64/ros1/boost/include/boost/bind.hpp:72:1: note: #pragma message: The practice of declaring the Bind placeholders (_1, _2, ...) in the global namespace is deprecated. Please use <boost/bind/bind.hpp> + using namespace mwboost::placeholders, or define BOOST_BIND_GLOBAL_PLACEHOLDERS to retain the current behavior.
   72 | BOOST_PRAGMA_MESSAGE(
      | ^~~~~~~~~~~~~~~~~~~~
ninja: build stopped: subcommand failed.
Base path: /home/farhan/matlab_ws/shared
Source space: /home/farhan/matlab_ws/shared/src
Build space: /home/farhan/matlab_ws/shared/build
Devel space: /home/farhan/matlab_ws/shared/devel
Install space: /home/farhan/matlab_ws/shared/install
Creating symlink "/home/farhan/matlab_ws/shared/src/CMakeLists.txt" pointing to "/usr/local/MATLAB/R2023b/sys/ros1/glnxa64/ros1/share/catkin/cmake/toplevel.cmake"
####
#### Running command: "cmake /home/farhan/matlab_ws/shared/src -DALIAS_ROS1_CLASS_LOADER=1 -DBoost_NAMESPACE=mwboost -DCMAKE_PREFIX_PATH=/usr/local/MATLAB/R2023b/sys/ros1/glnxa64/ros1;/usr/local/MATLAB/R2023b/toolbox/ros/mlroscpp/custom_messages -DCATKIN_DEVEL_PREFIX=/home/farhan/matlab_ws/shared/devel -DCMAKE_INSTALL_PREFIX=/home/farhan/matlab_ws/shared/install -G Ninja" in "/home/farhan/matlab_ws/shared/build"
####
####
#### Running command: "ninja install -j8 -l8" in "/home/farhan/matlab_ws/shared/build"
####
Invoking "ninja install -j8 -l8" failed
